<?xml version="1.0" encoding="UTF-8"?>
<testng-results skipped="0" failed="0" total="1" passed="1">
  <reporter-output>
  </reporter-output>
  <suite name="Example test run" duration-ms="22" started-at="2018-02-26T18:04:10Z" finished-at="2018-02-26T18:04:10Z">
    <groups>
    </groups>
    <test name="Simple Test" duration-ms="22" started-at="2018-02-26T18:04:10Z" finished-at="2018-02-26T18:04:10Z">
      <class name="FirstDemo.FirstDemo.HomePageVerification">
        <test-method status="PASS" signature="verifyGooglePageTittle()[pri:0, instance:FirstDemo.FirstDemo.HomePageVerification@5a39699c]" name="verifyGooglePageTittle" duration-ms="9" started-at="2018-02-26T23:34:10Z" finished-at="2018-02-26T23:34:10Z">
          <reporter-output>
          </reporter-output>
        </test-method> <!-- verifyGooglePageTittle -->
      </class> <!-- FirstDemo.FirstDemo.HomePageVerification -->
    </test> <!-- Simple Test -->
  </suite> <!-- Example test run -->
</testng-results>
