<?xml version="1.0" encoding="UTF-8"?>
<testng-results skipped="0" failed="0" total="1" passed="1">
  <reporter-output>
  </reporter-output>
  <suite name="Default suite" duration-ms="37" started-at="2018-02-26T18:03:56Z" finished-at="2018-02-26T18:03:56Z">
    <groups>
    </groups>
    <test name="Default test" duration-ms="37" started-at="2018-02-26T18:03:56Z" finished-at="2018-02-26T18:03:56Z">
      <class name="FirstDemo.FirstDemo.HomePageVerification">
        <test-method status="PASS" signature="verifyGooglePageTittle()[pri:0, instance:FirstDemo.FirstDemo.HomePageVerification@2a5ca609]" name="verifyGooglePageTittle" duration-ms="15" started-at="2018-02-26T23:33:56Z" finished-at="2018-02-26T23:33:56Z">
          <reporter-output>
          </reporter-output>
        </test-method> <!-- verifyGooglePageTittle -->
      </class> <!-- FirstDemo.FirstDemo.HomePageVerification -->
    </test> <!-- Default test -->
  </suite> <!-- Default suite -->
</testng-results>
