<?xml version="1.0" encoding="UTF-8"?>
<!-- Generated by org.testng.reporters.JUnitXMLReporter -->
<testsuite hostname="Swati-VAIO" name="Simple Test" tests="1" failures="1" timestamp="26 Feb 2018 18:02:41 GMT" time="0.037" errors="0">
  <testcase name="verifyGooglePageTittle" time="0.014" classname="FirstDemo.FirstDemo.HomePageVerification">
    <failure type="java.lang.Error" message="Unresolved compilation problems: 
	Syntax error, insert &amp;quot;)&amp;quot; to complete MethodInvocation
	Syntax error, insert &amp;quot;;&amp;quot; to complete BlockStatements
	We cannot be resolved to a variable
	Syntax error on token &amp;quot;in&amp;quot;, ( expected
	verifyGooglePageTittle cannot be resolved to a variable
">
      <![CDATA[java.lang.Error: Unresolved compilation problems: 
	Syntax error, insert ")" to complete MethodInvocation
	Syntax error, insert ";" to complete BlockStatements
	We cannot be resolved to a variable
	Syntax error on token "in", ( expected
	verifyGooglePageTittle cannot be resolved to a variable

	at FirstDemo.FirstDemo.HomePageVerification.verifyGooglePageTittle(HomePageVerification.java:8)
... Removed 24 stack frames]]>
    </failure>
  </testcase> <!-- verifyGooglePageTittle -->
</testsuite> <!-- Simple Test -->
